make.exe all --print-data-base --no-builtin-variables --no-builtin-rules --question
# GNU Make 3.81
# Copyright (C) 2006  Free Software Foundation, Inc.
# This is free software; see the source for copying conditions.
# There is NO warranty; not even for MERCHANTABILITY or FITNESS FOR A
# PARTICULAR PURPOSE.

# This program built for i686-pc-msys
 

# Make data base, printed on Tue Jul 26 23:05:36 2022

# Variables

# automatic
<D = $(patsubst %/,%,$(dir $<))
# automatic
?F = $(notdir $?)
# makefile
MAKEFLAGS = Rrqp
 
# automatic
?D = $(patsubst %/,%,$(dir $?))
# automatic
@D = $(patsubst %/,%,$(dir $@))
# environment
HOMEDRIVE = C:
# automatic
@F = $(notdir $@)
# automatic
^D = $(patsubst %/,%,$(dir $^))
# makefile
CURDIR := /c/Users/yuuta/Documents/SDL
# default
SHELL := /bin/sh
# environment
WINDIR = C:\WINDOWS
# environment
VSCODE_NLS_CONFIG = {"locale":"zh-tw","availableLanguages":{"*":"zh-tw"},"_languagePackId":"a0b772d00248b7f5c117cab9736199be.zh-tw","_translationsConfigFile":"C:\\Users\\yuuta\\AppData\\Roaming\\Code\\clp\\a0b772d00248b7f5c117cab9736199be.zh-tw\\tcf.json","_cacheRoot":"C:\\Users\\yuuta\\AppData\\Roaming\\Code\\clp\\a0b772d00248b7f5c117cab9736199be.zh-tw","_resolvedLanguagePackCoreLocation":"C:\\Users\\yuuta\\AppData\\Roaming\\Code\\clp\\a0b772d00248b7f5c117cab9736199be.zh-tw\\3b889b090b5ad5793f524b5d1d39fda662b96a2a","_corruptedFile":"C:\\Users\\yuuta\\AppData\\Roaming\\Code\\clp\\a0b772d00248b7f5c117cab9736199be.zh-tw\\corrupted.info","_languagePackSupport":true}
# environment
VBOX_MSI_INSTALL_PATH = C:\Program Files\Oracle\VirtualBox\
# environment
ONEDRIVE = C:\Users\yuuta\OneDrive
# environment
PATHEXT = .COM;.EXE;.BAT;.CMD;.VBS;.VBE;.JS;.JSE;.WSF;.WSH;.MSC
# makefile (from `makefile', line 1)
MAKEFILE_LIST :=  makefile
# environment
TMP = /tmp
# environment
PROGRAMW6432 = C:\Program Files
# makefile (from `makefile', line 2)
OBJS = main.cpp
# environment
PROGRAMDATA = C:\ProgramData
# environment
VSCODE_CWD = C:\Users\yuuta\AppData\Local\Programs\Microsoft VS Code
# environment
PATH = /c/Program Files/Common Files/Oracle/Java/javapath:/c/Program Files (x86)/Common Files/Oracle/Java/javapath:/c/Users/yuuta/AppData/Local/Programs/Python/Python39/Scripts/:/c/Users/yuuta/AppData/Local/Programs/Python/Python39/:/c/Users/yuuta/AppData/Local/Microsoft/WindowsApps:/c/Users/yuuta/AppData/Local/Programs/Microsoft VS Code/bin:/c/Program Files/nodejs:/c/Program Files/dotnet/:/c/Users/yuuta/Library/flutter/bin:/c/Program Files/Git/cmd:/c/Windows/System32:/c/Program Files/Git:/c/Windows/System32/WindowsPowerShell/v1.0:/c/WINDOWS/system32:/c/WINDOWS:/c/WINDOWS/System32/Wbem:/c/WINDOWS/System32/WindowsPowerShell/v1.0/:/c/WINDOWS/System32/OpenSSH/:/usr/bin:/c/Users/yuuta/.cargo/bin:/c/Users/yuuta/AppData/Local/Programs/Python/Python39/Scripts/:/c/Users/yuuta/AppData/Local/Programs/Python/Python39/:/c/Users/yuuta/AppData/Local/Microsoft/WindowsApps:/c/Users/yuuta/AppData/Local/Programs/Microsoft VS Code/bin:/c/Program Files/nodejs:/c/Program Files/Git/bin:/c/Users/yuuta/.dotnet/tools:/c/Users/yuuta/Library/flutter/bin:/c/Windows/System32:/c/Program Files/Git:/c/Windows/System32/WindowsPowerShell/v1.0:/c/ghcup/bin:/c/Users/yuuta/AppData/Local/JetBrains/Toolbox/scripts:/mingw/bin:.
# environment
COMMONPROGRAMW6432 = C:\Program Files\Common Files
# environment
GHCUP_INSTALL_BASE_PREFIX = C:\
# environment
PROCESSOR_ARCHITECTURE = x86
# environment
USERPROFILE = C:\Users\yuuta
# environment
!C: = c:\Users\yuuta\Documents\SDL
# environment
ALLUSERSPROFILE = C:\ProgramData
# environment
NUMBER_OF_PROCESSORS = 16
# environment
ELECTRON_RUN_AS_NODE = 1
# makefile (from `makefile', line 8)
INCLUDE_PATHS = -IC:\Users\yuuta\Documents\SDL\i686-w64-mingw32\include\SDL2
# default
.FEATURES := target-specific order-only second-expansion else-if archives jobserver check-symlink
# environment
CABAL_DIR = C:\cabal
# environment
OCULUSBASE = C:\Program Files\Oculus\
# automatic
%F = $(notdir $%)
# environment
CHROME_CRASHPAD_PIPE_NAME = \\.\pipe\crashpad_5048_DLJQEJEWSSDUYRJJ
# environment
COMPUTERNAME = AWESIAKING
# environment
PROGRAMFILES = C:\Program Files (x86)
# environment
DRIVERDATA = C:\Windows\System32\Drivers\DriverData
# environment
ASL.LOG = Destination=file
# environment
ORIGINAL_XDG_CURRENT_DESKTOP = undefined
# makefile (from `makefile', line 19)
LINKER_FLAGS = -lmingw32 -lSDL2main -lSDL2 -lSDL2_Image -lSDL2_ttf
# environment
USERNAME = yuuta
# environment
PUBLIC = C:\Users\Public
# environment
VSCODE_AMD_ENTRYPOINT = vs/workbench/api/node/extensionHostProcess
# environment
VSCODE_CODE_CACHE_PATH = C:\Users\yuuta\AppData\Roaming\Code\CachedData\3b889b090b5ad5793f524b5d1d39fda662b96a2a
# environment
APPLICATION_INSIGHTS_NO_DIAGNOSTIC_CHANNEL = 1
# environment
COMMONPROGRAMFILES = C:\Program Files (x86)\Common Files
# environment
LOGONSERVER = \\AWESIAKING
# environment
ONEDRIVECONSUMER = C:\Users\yuuta\OneDrive
# environment
VSCODE_HANDLES_UNCAUGHT_ERRORS = true
# environment
USERDOMAIN = AWESIAKING
# environment
MIC_LD_LIBRARY_PATH = C:\Program Files (x86)\Common Files\Intel\Shared Libraries\compiler\lib\mic
# default
MAKE = $(MAKE_COMMAND)
# default
MAKECMDGOALS := all
# makefile (from `makefile', line 16)
COMPILER_FLAGS = -w -Wl,-subsystem,windows
# makefile (from `makefile', line 5)
CC = g++
# default
MAKE_VERSION := 3.81
# makefile
.DEFAULT_GOAL := all
# environment
PROGRAMFILES(X86) = C:\Program Files (x86)
# automatic
%D = $(patsubst %/,%,$(dir $%))
# environment
LOCALAPPDATA = C:\Users\yuuta\AppData\Local
# environment
PSMODULEPATH = C:\Program Files\WindowsPowerShell\Modules;C:\WINDOWS\system32\WindowsPowerShell\v1.0\Modules
# default
MAKE_COMMAND := make.exe
# environment
PROCESSOR_ARCHITEW6432 = AMD64
# default
.VARIABLES := 
# automatic
*F = $(notdir $*)
# environment
PROCESSOR_IDENTIFIER = AMD64 Family 25 Model 33 Stepping 0, AuthenticAMD
# environment
OS = Windows_NT
# environment
VSCODE_IPC_HOOK = \\.\pipe\6c2f7835ff56f08437344657334517e0-1.69.2-main-sock
# environment
HOMEPATH = \
# environment
COMMONPROGRAMFILES(X86) = C:\Program Files (x86)\Common Files
# environment
PROMPT = $P$G
# environment
MFLAGS = -Rrqp
# automatic
*D = $(patsubst %/,%,$(dir $*))
# environment
INTEL_DEV_REDIST = C:\Program Files (x86)\Common Files\Intel\Shared Libraries\
# environment
SYSTEMROOT = C:\WINDOWS
# automatic
+D = $(patsubst %/,%,$(dir $+))
# automatic
+F = $(notdir $+)
# makefile (from `makefile', line 22)
OBJ_NAME = main.exe
# environment
APPDATA = C:\Users\yuuta\AppData\Roaming
# environment
TEMP = /tmp
# environment
COMSPEC = C:\WINDOWS\system32\cmd.exe
# default
MAKEFILES := 
# automatic
<F = $(notdir $<)
# environment
LC_ALL = C
# makefile (from `makefile', line 11)
LIBRARY_PATHS = -LC:\Users\yuuta\Documents\SDL\i686-w64-mingw32\lib
# automatic
^F = $(notdir $^)
# default
SUFFIXES := 
# environment
SYSTEMDRIVE = C:
# environment
SESSIONNAME = Console
# environment
PROCESSOR_REVISION = 2100
# default
.INCLUDE_DIRS = /usr/include /usr/include
# environment
VBOX_HWVIRTEX_IGNORE_SVM_IN_USE = 1
# environment
MAKELEVEL := 0
# environment
LANG = C
# environment
PROCESSOR_LEVEL = 25
# environment
TERM = cygwin
# environment
VSCODE_PID = 5048
# environment
USERDOMAIN_ROAMINGPROFILE = AWESIAKING
# variable set hash-table stats:
# Load=100/1024=10%, Rehash=0, Collisions=16/135=12%

# Pattern-specific Variable Values

# No pattern-specific variable values.

# Directories

# . (device -20023, inode 369380): 17 files, no impossibilities.

# 17 files, no impossibilities in 1 directories.

# Implicit Rules

# No implicit rules.

# Files

all: main.cpp
#  Command-line target.
#  Implicit rule search has not been done.
#  Implicit/static pattern stem: `'
#  File does not exist.
#  File has been updated.
#  Needs to be updated (-q is set).
 
# automatic
# @ := all
# automatic
# % := 
# automatic
# * := 
# automatic
# + := main.cpp
# automatic
# | := 
# automatic
# < := main.cpp
# automatic
# ^ := main.cpp
# automatic
# ? := main.cpp
# variable set hash-table stats:
# Load=8/32=25%, Rehash=0, Collisions=2/17=12%
#  commands to execute (from `makefile', line 26):
	$(CC) $(OBJS) $(INCLUDE_PATHS) $(LIBRARY_PATHS) $(COMPILER_FLAGS) $(LINKER_FLAGS) -o $(OBJ_NAME)
	

# Not a target:
.SUFFIXES:
#  Implicit rule search has not been done.
#  Modification time never checked.
#  File has not been updated.

# Not a target:
makefile:
#  Implicit rule search has been done.
 
#  Last modified 2022-07-26 23:05:29
#  File has been updated.
#  Successfully updated.
# variable set hash-table stats:
 
# Load=0/32=0%, Rehash=0, Collisions=0/0=0%

# Not a target:
main.cpp:
#  Implicit rule search has been done.
#  Last modified 2022-07-26 23:01:00
#  File has been updated.
#  Successfully updated.
# variable set hash-table stats:
# Load=0/32=0%, Rehash=0, Collisions=0/0=0%

# Not a target:
.DEFAULT:
#  Implicit rule search has not been done.
#  Modification time never checked.
#  File has not been updated.

# files hash-table stats:
# Load=5/1024=0%, Rehash=0, Collisions=0/19=0%
# VPATH Search Paths

# No `vpath' search paths.

# No general (`VPATH' variable) search path.

# # of strings in strcache: 1
# # of strcache buffers: 1
# strcache size: total = 4096 / max = 4096 / min = 4096 / avg = 4096
# strcache free: total = 4087 / max = 4087 / min = 4087 / avg = 4087

# Finished Make data base on Tue Jul 26 23:05:36 2022

 
